  PIDwDoB_MotorRun.cpp
D:\Github Projects\Epos_PID_wDoB\src\getopt.h(59): warning C4081: expected 'newline'; found ';'
D:\Github Projects\Epos_PID_wDoB\src\PIDwDoB_MotorRun.cpp(403): warning C4244: '=': conversion from '_Rep' to 'float', possible loss of data
          with
          [
              _Rep=__int64
          ]
D:\Github Projects\Epos_PID_wDoB\src\PIDwDoB_MotorRun.cpp(409): warning C4244: '=': conversion from 'double' to 'float', possible loss of data
D:\Github Projects\Epos_PID_wDoB\src\PIDwDoB_MotorRun.cpp(410): warning C4244: '=': conversion from 'double' to 'float', possible loss of data
D:\Github Projects\Epos_PID_wDoB\src\PIDwDoB_MotorRun.cpp(299): warning C4101: 'start': unreferenced local variable
D:\Github Projects\Epos_PID_wDoB\src\PIDwDoB_MotorRun.cpp(298): warning C4101: 'gettime_now': unreferenced local variable
D:\Github Projects\Epos_PID_wDoB\src\PIDwDoB_MotorRun.cpp(299): warning C4101: 'stop': unreferenced local variable
D:\Github Projects\Epos_PID_wDoB\src\PIDwDoB_MotorRun.cpp(529): warning C4101: 'Position_In': unreferenced local variable
PIDwDoB_MotorRun.obj : error LNK2019: unresolved external symbol _VCS_OpenDevice@20 referenced in function "int __cdecl OpenDevice(unsigned long *)" (?OpenDevice@@YAHPAK@Z)
PIDwDoB_MotorRun.obj : error LNK2019: unresolved external symbol _VCS_SetProtocolStackSettings@16 referenced in function "int __cdecl OpenDevice(unsigned long *)" (?OpenDevice@@YAHPAK@Z)
PIDwDoB_MotorRun.obj : error LNK2019: unresolved external symbol _VCS_GetProtocolStackSettings@16 referenced in function "int __cdecl OpenDevice(unsigned long *)" (?OpenDevice@@YAHPAK@Z)
PIDwDoB_MotorRun.obj : error LNK2019: unresolved external symbol _VCS_CloseDevice@8 referenced in function "int __cdecl CloseDevice(unsigned long *)" (?CloseDevice@@YAHPAK@Z)
PIDwDoB_MotorRun.obj : error LNK2019: unresolved external symbol _VCS_GetVersion@28 referenced in function "int __cdecl PrintDeviceVersion(void)" (?PrintDeviceVersion@@YAHXZ)
PIDwDoB_MotorRun.obj : error LNK2019: unresolved external symbol _VCS_GetProtocolStackNameSelection@24 referenced in function "int __cdecl PrintAvailableProtocols(void)" (?PrintAvailableProtocols@@YAHXZ)
PIDwDoB_MotorRun.obj : error LNK2019: unresolved external symbol _VCS_GetInterfaceNameSelection@28 referenced in function "int __cdecl PrintAvailableInterfaces(void)" (?PrintAvailableInterfaces@@YAHXZ)
PIDwDoB_MotorRun.obj : error LNK2019: unresolved external symbol _VCS_GetPortNameSelection@32 referenced in function "int __cdecl PrintAvailablePorts(char *)" (?PrintAvailablePorts@@YAHPAD@Z)
PIDwDoB_MotorRun.obj : error LNK2019: unresolved external symbol _VCS_SetOperationMode@16 referenced in function "int __cdecl CurrentMode(void *,void *,unsigned short,unsigned short,unsigned long &)" (?CurrentMode@@YAHPAX0GGAAK@Z)
PIDwDoB_MotorRun.obj : error LNK2019: unresolved external symbol _VCS_SetEnableState@12 referenced in function "int __cdecl PrepareRun(unsigned long *)" (?PrepareRun@@YAHPAK@Z)
PIDwDoB_MotorRun.obj : error LNK2019: unresolved external symbol _VCS_SetDisableState@12 referenced in function "int __cdecl MotorRun(unsigned long *)" (?MotorRun@@YAHPAK@Z)
PIDwDoB_MotorRun.obj : error LNK2019: unresolved external symbol _VCS_ClearFault@12 referenced in function "int __cdecl PrepareRun(unsigned long *)" (?PrepareRun@@YAHPAK@Z)
PIDwDoB_MotorRun.obj : error LNK2019: unresolved external symbol _VCS_GetEnableState@16 referenced in function "int __cdecl PrepareRun(unsigned long *)" (?PrepareRun@@YAHPAK@Z)
PIDwDoB_MotorRun.obj : error LNK2019: unresolved external symbol _VCS_GetFaultState@16 referenced in function "int __cdecl PrepareRun(unsigned long *)" (?PrepareRun@@YAHPAK@Z)
PIDwDoB_MotorRun.obj : error LNK2019: unresolved external symbol _VCS_GetPositionIs@16 referenced in function "int __cdecl CurrentMode(void *,void *,unsigned short,unsigned short,unsigned long &)" (?CurrentMode@@YAHPAX0GGAAK@Z)
PIDwDoB_MotorRun.obj : error LNK2019: unresolved external symbol _VCS_GetVelocityIs@16 referenced in function "int __cdecl CurrentMode(void *,void *,unsigned short,unsigned short,unsigned long &)" (?CurrentMode@@YAHPAX0GGAAK@Z)
PIDwDoB_MotorRun.obj : error LNK2019: unresolved external symbol _VCS_GetCurrentIs@16 referenced in function "int __cdecl CurrentMode(void *,void *,unsigned short,unsigned short,unsigned long &)" (?CurrentMode@@YAHPAX0GGAAK@Z)
PIDwDoB_MotorRun.obj : error LNK2019: unresolved external symbol _VCS_ActivateCurrentMode@12 referenced in function "int __cdecl CurrentMode(void *,void *,unsigned short,unsigned short,unsigned long &)" (?CurrentMode@@YAHPAX0GGAAK@Z)
PIDwDoB_MotorRun.obj : error LNK2019: unresolved external symbol _VCS_SetCurrentMust@16 referenced in function "int __cdecl CurrentMode(void *,void *,unsigned short,unsigned short,unsigned long &)" (?CurrentMode@@YAHPAX0GGAAK@Z)
MSVCRTD.lib(exe_winmain.obj) : error LNK2019: unresolved external symbol _WinMain@16 referenced in function "int __cdecl invoke_main(void)" (?invoke_main@@YAHXZ)
EposCmd64.lib : warning LNK4272: library machine type 'x64' conflicts with target machine type 'x86'
D:\Github Projects\Epos_PID_wDoB\Debug\Epos_PID_wDoB.exe : fatal error LNK1120: 20 unresolved externals
